[debug] [2025-08-01T12:33:55.810Z] ----------------------------------------------------------------------
[debug] [2025-08-01T12:33:55.816Z] Command:       C:\Program Files\nodejs\node.exe C:\Users\KUSH\AppData\Roaming\npm\node_modules\firebase-tools\lib\bin\firebase.js init firestore
[debug] [2025-08-01T12:33:55.816Z] CLI Version:   14.11.2
[debug] [2025-08-01T12:33:55.816Z] Platform:      win32
[debug] [2025-08-01T12:33:55.817Z] Node Version:  v22.14.0
[debug] [2025-08-01T12:33:55.817Z] Time:          Fri Aug 01 2025 18:03:55 GMT+0530 (India Standard Time)
[debug] [2025-08-01T12:33:55.817Z] ----------------------------------------------------------------------
[debug] 
[debug] [2025-08-01T12:33:55.820Z] >>> [apiv2][query] GET https://firebase-public.firebaseio.com/cli.json [none]
[debug] [2025-08-01T12:33:55.888Z] > command requires scopes: ["email","openid","https://www.googleapis.com/auth/cloudplatformprojects.readonly","https://www.googleapis.com/auth/firebase","https://www.googleapis.com/auth/cloud-platform"]
[debug] [2025-08-01T12:33:55.908Z] Error: Could not load the default credentials. Browse to https://cloud.google.com/docs/authentication/getting-started for more information.
    at GoogleAuth.getApplicationDefaultAsync (C:\Users\KUSH\AppData\Roaming\npm\node_modules\firebase-tools\node_modules\google-auth-library\build\src\auth\googleauth.js:287:15)
    at process.processTicksAndRejections (node:internal/process/task_queues:105:5)
    at async GoogleAuth._GoogleAuth_determineClient (C:\Users\KUSH\AppData\Roaming\npm\node_modules\firebase-tools\node_modules\google-auth-library\build\src\auth\googleauth.js:834:32)
    at async GoogleAuth.getClient (C:\Users\KUSH\AppData\Roaming\npm\node_modules\firebase-tools\node_modules\google-auth-library\build\src\auth\googleauth.js:698:20)
    at async GoogleAuth.getAccessToken (C:\Users\KUSH\AppData\Roaming\npm\node_modules\firebase-tools\node_modules\google-auth-library\build\src\auth\googleauth.js:722:24)
    at async autoAuth (C:\Users\KUSH\AppData\Roaming\npm\node_modules\firebase-tools\lib\requireAuth.js:28:19)
    at async Object.requireAuth [as fn] (C:\Users\KUSH\AppData\Roaming\npm\node_modules\firebase-tools\lib\requireAuth.js:87:20)
    at async C:\Users\KUSH\AppData\Roaming\npm\node_modules\firebase-tools\lib\command.js:242:17
[error] 
[error] Error: Failed to authenticate, have you run firebase login?
